build/app/outputs/mapping/r8/release/mapping.txt
# compiler: R8
# compiler_version: 1.2.49
# min_api: 16
com.vtech.opentrivia.MainActivity -> com.vtech.opentrivia.MainActivity:
...
com.google.android.gms.common.stats.StatsEvent -> com.google.android.gms.common.stats.StatsEvent:
    int getEventType() -> d
    java.lang.String zzv() -> f
    long getTimeMillis() -> c
    long zzu() -> e
com.google.android.gms.common.stats.StatsUtils -> com.google.android.gms.common.stats.c:
    java.lang.String getEventKey(android.os.PowerManager$WakeLock,java.lang.String) -> a
    java.lang.String zzi(java.lang.String) -> a
    java.util.List zza(java.util.List) -> a
com.google.android.gms.common.stats.WakeLockEvent -> com.google.android.gms.common.stats.WakeLockEvent:
    boolean zzgb -> o
    float zzfz -> m
    int versionCode -> a
    int zzfp -> c
    int zzft -> g
    int zzfx -> k
    java.lang.String zzfq -> d
    java.lang.String zzfr -> e
    java.lang.String zzfs -> f
    java.lang.String zzfv -> i
    java.lang.String zzfy -> l
    java.util.List zzfu -> h
    long durationMillis -> p
    long zzfo -> b
    long zzfw -> j
    long zzga -> n
    int getEventType() -> d
    java.lang.String zzv() -> f
    long getTimeMillis() -> c
    long zzu() -> e
com.google.android.gms.common.stats.WakeLockTracker -> com.google.android.gms.common.stats.d:
    boolean zzge -> c
    com.google.android.gms.common.stats.WakeLockTracker zzgc -> a
    java.lang.Boolean zzgd -> b
    boolean zzw() -> b
    com.google.android.gms.common.stats.WakeLockTracker getInstance() -> a
    void zza(android.content.Context,com.google.android.gms.common.stats.WakeLockEvent) -> a
    void registerEvent(android.content.Context,java.lang.String,int,java.lang.String,java.lang.String,java.lang.String,int,java.util.List,long) -> a
com.google.android.gms.common.stats.zza -> com.google.android.gms.common.stats.e:
com.google.android.gms.common.util.AndroidUtilsLight -> com.google.android.gms.common.util.a:
    java.security.MessageDigest zzj(java.lang.String) -> a
com.google.android.gms.common.util.ArrayUtils -> com.google.android.gms.common.util.b:
    boolean contains(java.lang.Object[],java.lang.Object) -> a
com.google.android.gms.common.util.Base64Utils -> com.google.android.gms.common.util.c:
    java.lang.String encode(byte[]) -> a
    java.lang.String encodeUrlSafeNoPadding(byte[]) -> b
com.google.android.gms.common.util.ClientLibraryUtils -> com.google.android.gms.common.util.d:
    boolean isPackageSide() -> a
    boolean zzc(android.content.Context,java.lang.String) -> a
com.google.android.gms.common.util.Clock -> com.google.android.gms.common.util.e:
    long currentTimeMillis() -> a
    long elapsedRealtime() -> b
    long nanoTime() -> c
com.google.android.gms.common.util.CollectionUtils -> com.google.android.gms.common.util.f:
    java.util.List listOf() -> a
    java.util.List listOf(java.lang.Object) -> a
    java.util.List listOf(java.lang.Object[]) -> a
    java.util.Map mapOf(java.lang.Object,java.lang.Object,java.lang.Object,java.lang.Object,java.lang.Object,java.lang.Object) -> a
    java.util.Map mapOfKeyValueArrays(java.lang.Object[],java.lang.Object[]) -> a
    java.util.Map zzb(int,boolean) -> b
    java.util.Set setOf(java.lang.Object,java.lang.Object,java.lang.Object) -> a
    java.util.Set setOf(java.lang.Object[]) -> b
    java.util.Set zza(int,boolean) -> a
com.google.android.gms.common.util.CrashUtils -> com.google.android.gms.common.util.g:
    android.os.DropBoxManager zzgh -> b
    boolean zzgi -> c
    int zzgj -> d
    int zzgk -> e
    int zzgl -> f
    java.lang.String[] zzgg -> a
    boolean addDynamiteErrorToDropBox(android.content.Context,java.lang.Throwable) -> a
    boolean zza(android.content.Context,java.lang.Throwable,int) -> a
com.google.android.gms.common.util.DefaultClock -> com.google.android.gms.common.util.h:
    com.google.android.gms.common.util.DefaultClock zzgm -> a
    com.google.android.gms.common.util.Clock getInstance() -> d
    long currentTimeMillis() -> a
    long elapsedRealtime() -> b
    long nanoTime() -> c